[14:53][2019-12-02 14:53:54] opening '/media/ou/DATA/Linux/moleserver/bin/logs/game1_server_normal.log'
[14:53] [BSC] game_server.cpp:63 main 数据库:127.0.0.1 root 123456 moleweb 连接成功。
[14:53] [BSC] game_server.cpp:80 main 游戏服务器欢乐斗地主普通场:ip:127.0.0.1,端口:3335 启动成功。
[14:53] [BSC] game_server.cpp:82 main 服务器启动成功，开始处理...
[14:54] [BSC] gameframe/CRoom.cpp:1637 Room_Log 玩家0进入房间0了.0
[14:55] [BSC] gameframe/CRoom.cpp:1637 Room_Log 玩家0离开房间了.
[14:55] [BSC] gameframe/CRoom.cpp:1637 Room_Log 玩家0进入房间0了.2
[14:56] [BSC] gameframe/CRoom.cpp:1637 Room_Log 玩家0离开房间了.
[14:56] [BSC] gameframe/CRoom.cpp:1637 Room_Log 玩家0进入房间0了.3
[14:58] [BSC] gameframe/CRoom.cpp:1637 Room_Log 玩家0离开房间了.
[14:58] [BSC] gameframe/CRoom.cpp:1637 Room_Log 玩家0进入房间0了.4
[15:00] [BSC] gameframe/CRoom.cpp:1637 Room_Log 玩家0离开房间了.
[15:00] [BSC] gameframe/CRoom.cpp:1637 Room_Log 玩家0进入房间0了.6
[15:07] [BSC] gameframe/CRoom.cpp:1637 Room_Log 玩家0离开房间了.
[15:07] [BSC] gameframe/CRoom.cpp:1637 Room_Log 玩家0进入房间0了.13
[15:08] [BSC] gameframe/CRoom.cpp:1637 Room_Log 玩家0离开房间了.
[15:09] [BSC] gameframe/CRoom.cpp:1637 Room_Log 玩家0进入房间0了.15
[15:11] [BSC] gameframe/CRoom.cpp:1637 Room_Log 玩家0离开房间了.
[15:11] [BSC] gameframe/CRoom.cpp:1637 Room_Log 玩家0进入房间0了.17
[15:12] [BSC] gameframe/CRoom.cpp:1637 Room_Log 玩家0离开房间了.
[15:12] [BSC] gameframe/CRoom.cpp:1637 Room_Log 玩家0进入房间0了.18
[15:15] [BSC] gameframe/CRoom.cpp:1637 Room_Log 玩家0离开房间了.
[15:15] [BSC] gameframe/CRoom.cpp:1637 Room_Log 玩家0进入房间0了.21
[15:16] [BSC] gameframe/CRoom.cpp:1637 Room_Log 玩家0离开房间了.
[15:16] [BSC] gameframe/CRoom.cpp:1637 Room_Log 玩家0进入房间0了.22
[15:19] [BSC] gameframe/CRoom.cpp:1637 Room_Log 玩家0离开房间了.
[15:19] [BSC] gameframe/CRoom.cpp:1637 Room_Log 玩家0进入房间0了.24
[15:20] [BSC] gameframe/CRoom.cpp:1637 Room_Log 玩家0离开房间了.
[15:20] [BSC] gameframe/CRoom.cpp:1637 Room_Log 玩家0进入房间0了.25
[15:21] [BSC] gameframe/CRoom.cpp:1637 Room_Log 玩家0离开房间了.
[15:21] [BSC] gameframe/CRoom.cpp:1637 Room_Log 玩家0进入房间0了.26
[15:22] [BSC] gameframe/CRoom.cpp:1637 Room_Log 玩家0离开房间了.
[15:22] [BSC] gameframe/CRoom.cpp:1637 Room_Log 玩家0进入房间0了.27
[15:23] [BSC] gameframe/CRoom.cpp:1637 Room_Log 玩家0离开房间了.
[15:23] [BSC] gameframe/CRoom.cpp:1637 Room_Log 玩家0进入房间0了.28
[15:24] [BSC] gameframe/CRoom.cpp:1637 Room_Log 玩家0离开房间了.
[15:24] [BSC] gameframe/CRoom.cpp:1637 Room_Log 玩家0进入房间0了.29
[15:25] [BSC] gameframe/CRoom.cpp:1637 Room_Log 玩家0离开房间了.
[15:25] [BSC] gameframe/CRoom.cpp:1637 Room_Log 玩家0进入房间0了.30
[15:26] [BSC] gameframe/CRoom.cpp:1637 Room_Log 玩家0离开房间了.
[15:26] [BSC] gameframe/CRoom.cpp:1637 Room_Log 玩家0进入房间0了.31
[16:54][2019-12-02 16:54:27] opening '/media/ou/DATA/Linux/moleserver/bin/logs/game1_server_normal.log'
[16:54] [BSC] game_server.cpp:63 main 数据库:127.0.0.1 root 123456 moleweb 连接成功。
[16:54] [BSC] game_server.cpp:80 main 游戏服务器欢乐斗地主普通场:ip:127.0.0.1,端口:3335 启动成功。
[16:54] [BSC] game_server.cpp:82 main 服务器启动成功，开始处理...
[16:55] [BSC] gameframe/CRoom.cpp:1637 Room_Log 玩家0进入房间0了.0
[16:56] [BSC] gameframe/CRoom.cpp:1637 Room_Log 玩家0离开房间了.
[16:56] [BSC] gameframe/CRoom.cpp:1637 Room_Log 玩家0进入房间0了.2
