[11:40][2019-10-10 11:40:45] opening '/media/ou/DATA/Linux/moleserver/bin/logs/login_server-normal.log'
[11:40] [BSC] login_server.cpp:38 main ç™»é™†æœåŠ¡å™¨:127.0.0.1,ç«¯å£:3333 å¯åŠ¨æˆåŠŸã€‚
[11:40] [BSC] login_server.cpp:60 main æ•°æ®åº“:127.0.0.1 root 123456 moleweb è¿æ¥æˆåŠŸã€‚
[11:40] [BSC] login_server.cpp:62 main æœåŠ¡å™¨å¯åŠ¨æˆåŠŸï¼Œå¼€å§‹å¤„ç†...
[12:01][2019-10-10 12:01:39] opening '/media/ou/DATA/Linux/moleserver/bin/logs/login_server-normal.log'
[12:01] [BSC] login_server.cpp:49 main ç™»é™†æœåŠ¡å™¨:127.0.0.1,ç«¯å£:3333 å¯åŠ¨æˆåŠŸã€‚
[12:01] [BSC] login_server.cpp:65 main æ•°æ®åº“:127.0.0.1 root 123456 moleweb è¿æ¥æˆåŠŸã€‚
[12:01] [BSC] login_server.cpp:67 main æœåŠ¡å™¨å¯åŠ¨æˆåŠŸï¼Œå¼€å§‹å¤„ç†...
[12:29][2019-10-10 12:29:42] opening '/media/ou/DATA/Linux/moleserver/bin/logs/login_server-normal.log'
[12:29] [BSC] login_server.cpp:49 main ç™»é™†æœåŠ¡å™¨:127.0.0.1,ç«¯å£:3333 å¯åŠ¨æˆåŠŸã€‚
[12:29] [BSC] login_server.cpp:65 main æ•°æ®åº“:127.0.0.1 root 123456 moleweb è¿æ¥æˆåŠŸã€‚
[12:29] [BSC] login_server.cpp:67 main æœåŠ¡å™¨å¯åŠ¨æˆåŠŸï¼Œå¼€å§‹å¤„ç†...
[12:33][2019-10-10 12:33:41] opening '/media/ou/DATA/Linux/moleserver/bin/logs/login_server-normal.log'
[12:33] [BSC] login_server.cpp:49 main ç™»é™†æœåŠ¡å™¨:127.0.0.1,ç«¯å£:3333 å¯åŠ¨æˆåŠŸã€‚
[12:33] [BSC] login_server.cpp:65 main æ•°æ®åº“:127.0.0.1 root 123456 moleweb è¿æ¥æˆåŠŸã€‚
[12:33] [BSC] login_server.cpp:67 main æœåŠ¡å™¨å¯åŠ¨æˆåŠŸï¼Œå¼€å§‹å¤„ç†...
[12:35][2019-10-10 12:35:13] opening '/media/ou/DATA/Linux/moleserver/bin/logs/login_server-normal.log'
[12:35] [BSC] login_server.cpp:49 main ç™»é™†æœåŠ¡å™¨:127.0.0.1,ç«¯å£:3333 å¯åŠ¨æˆåŠŸã€‚
[12:35] [BSC] login_server.cpp:65 main æ•°æ®åº“:127.0.0.1 root 123456 moleweb è¿æ¥æˆåŠŸã€‚
[12:35] [BSC] login_server.cpp:67 main æœåŠ¡å™¨å¯åŠ¨æˆåŠŸï¼Œå¼€å§‹å¤„ç†...
[12:39][2019-10-10 12:39:48] opening '/media/ou/DATA/Linux/moleserver/bin/logs/login_server-normal.log'
[12:39] [BSC] login_server.cpp:49 main ç™»é™†æœåŠ¡å™¨:127.0.0.1,ç«¯å£:3333 å¯åŠ¨æˆåŠŸã€‚
[12:39] [BSC] login_server.cpp:65 main æ•°æ®åº“:127.0.0.1 root 123456 moleweb è¿æ¥æˆåŠŸã€‚
[12:39] [BSC] login_server.cpp:67 main æœåŠ¡å™¨å¯åŠ¨æˆåŠŸï¼Œå¼€å§‹å¤„ç†...
[13:43][2019-10-10 13:43:51] opening '/media/ou/DATA/Linux/moleserver/bin/logs/login_server-normal.log'
[13:43] [BSC] login_server.cpp:49 main ç™»é™†æœåŠ¡å™¨:127.0.0.1,ç«¯å£:3333 å¯åŠ¨æˆåŠŸã€‚
[13:43] [BSC] login_server.cpp:65 main æ•°æ®åº“:127.0.0.1 root 123456 moleweb è¿æ¥æˆåŠŸã€‚
[13:43] [BSC] login_server.cpp:67 main æœåŠ¡å™¨å¯åŠ¨æˆåŠŸï¼Œå¼€å§‹å¤„ç†...
[13:44][2019-10-10 13:44:27] opening '/media/ou/DATA/Linux/moleserver/bin/logs/login_server-normal.log'
[13:44] [BSC] login_server.cpp:49 main ç™»é™†æœåŠ¡å™¨:127.0.0.1,ç«¯å£:3333 å¯åŠ¨æˆåŠŸã€‚
[13:44] [BSC] login_server.cpp:65 main æ•°æ®åº“:127.0.0.1 root 123456 moleweb è¿æ¥æˆåŠŸã€‚
[13:44] [BSC] login_server.cpp:67 main æœåŠ¡å™¨å¯åŠ¨æˆåŠŸï¼Œå¼€å§‹å¤„ç†...
[13:52][2019-10-10 13:52:08] opening '/media/ou/DATA/Linux/moleserver/bin/logs/login_server-normal.log'
[13:52] [BSC] login_server.cpp:49 main ç™»é™†æœåŠ¡å™¨:127.0.0.1,ç«¯å£:3333 å¯åŠ¨æˆåŠŸã€‚
[13:52] [BSC] login_server.cpp:65 main æ•°æ®åº“:127.0.0.1 root 123456 moleweb è¿æ¥æˆåŠŸã€‚
[13:52] [BSC] login_server.cpp:67 main æœåŠ¡å™¨å¯åŠ¨æˆåŠŸï¼Œå¼€å§‹å¤„ç†...
[13:54][2019-10-10 13:54:54] opening '/media/ou/DATA/Linux/moleserver/bin/logs/login_server-normal.log'
[13:54] [BSC] login_server.cpp:49 main ç™»é™†æœåŠ¡å™¨:127.0.0.1,ç«¯å£:3333 å¯åŠ¨æˆåŠŸã€‚
[13:54] [BSC] login_server.cpp:65 main æ•°æ®åº“:127.0.0.1 root 123456 moleweb è¿æ¥æˆåŠŸã€‚
[13:54] [BSC] login_server.cpp:67 main æœåŠ¡å™¨å¯åŠ¨æˆåŠŸï¼Œå¼€å§‹å¤„ç†...
[13:55] [BSC] GameFrameManager.cpp:342 OnProcessUserGetOnlineRoomMes {
   "MsgId" : 800,
   "MsgSubId" : 802,
   "RoomCount" : 1,
   "room" : {
      "gameid" : 300001,
      "gamingtype" : 0,
      "lastmoney" : 10,
      "pielement" : 1,
      "processname" : "Älÿöÿ",
      "roomrevenue" : 1,
      "serverip" : "127.0.0.1",
      "servername" : "æ¬¢ä¹æ–—åœ°ä¸»æ™®é€šåœº",
      "serverport" : 3335,
      "state" : 0,
      "tablecount" : 10,
      "tableplayercount" : 3
   }
}

[14:00][2019-10-10 14:00:21] opening '/media/ou/DATA/Linux/moleserver/bin/logs/login_server-normal.log'
[14:00] [BSC] login_server.cpp:49 main ç™»é™†æœåŠ¡å™¨:127.0.0.1,ç«¯å£:3333 å¯åŠ¨æˆåŠŸã€‚
[14:00] [BSC] login_server.cpp:65 main æ•°æ®åº“:127.0.0.1 root 123456 moleweb è¿æ¥æˆåŠŸã€‚
[14:00] [BSC] login_server.cpp:67 main æœåŠ¡å™¨å¯åŠ¨æˆåŠŸï¼Œå¼€å§‹å¤„ç†...
[14:00] [BSC] GameFrameManager.cpp:345 OnProcessUserGetOnlineRoomMes {
   "MsgId" : 800,
   "MsgSubId" : 802,
   "RoomCount" : 1,
   "room0" : {
      "gameid" : 300001,
      "gamingtype" : 0,
      "lastmoney" : 10,
      "pielement" : 1,
      "processname" : "",
      "roomrevenue" : 1,
      "serverip" : "127.0.0.1",
      "servername" : "æ¬¢ä¹æ–—åœ°ä¸»æ™®é€šåœº",
      "serverport" : 3335,
      "state" : 0,
      "tablecount" : 10,
      "tableplayercount" : 3
   }
}

[14:00] [BSC] GameFrameManager.cpp:345 OnProcessUserGetOnlineRoomMes {
   "MsgId" : 800,
   "MsgSubId" : 802,
   "RoomCount" : 1,
   "room0" : {
      "gameid" : 300001,
      "gamingtype" : 0,
      "lastmoney" : 10,
      "pielement" : 1,
      "processname" : "h°é÷ÿ",
      "roomrevenue" : 1,
      "serverip" : "127.0.0.1",
      "servername" : "æ¬¢ä¹æ–—åœ°ä¸»æ™®é€šåœº",
      "serverport" : 3335,
      "state" : 0,
      "tablecount" : 10,
      "tableplayercount" : 3
   }
}

[14:02][2019-10-10 14:02:07] opening '/media/ou/DATA/Linux/moleserver/bin/logs/login_server-normal.log'
[14:02] [BSC] login_server.cpp:49 main ç™»é™†æœåŠ¡å™¨:127.0.0.1,ç«¯å£:3333 å¯åŠ¨æˆåŠŸã€‚
[14:02] [BSC] login_server.cpp:65 main æ•°æ®åº“:127.0.0.1 root 123456 moleweb è¿æ¥æˆåŠŸã€‚
[14:02] [BSC] login_server.cpp:67 main æœåŠ¡å™¨å¯åŠ¨æˆåŠŸï¼Œå¼€å§‹å¤„ç†...
[14:02] [BSC] GameFrameManager.cpp:344 OnProcessUserGetOnlineRoomMes {
   "MsgId" : 800,
   "MsgSubId" : 802,
   "RoomCount" : 1,
   "room0" : {
      "gameid" : 300001,
      "gamingtype" : 0,
      "lastmoney" : 10,
      "pielement" : 1,
      "roomrevenue" : 1,
      "serverip" : "127.0.0.1",
      "servername" : "æ¬¢ä¹æ–—åœ°ä¸»æ™®é€šåœº",
      "serverport" : 3335,
      "state" : 0,
      "tablecount" : 10,
      "tableplayercount" : 3
   }
}

[14:02] [BSC] GameFrameManager.cpp:344 OnProcessUserGetOnlineRoomMes {
   "MsgId" : 800,
   "MsgSubId" : 802,
   "RoomCount" : 1,
   "room0" : {
      "gameid" : 300001,
      "gamingtype" : 0,
      "lastmoney" : 10,
      "pielement" : 1,
      "roomrevenue" : 1,
      "serverip" : "127.0.0.1",
      "servername" : "æ¬¢ä¹æ–—åœ°ä¸»æ™®é€šåœº",
      "serverport" : 3335,
      "state" : 0,
      "tablecount" : 10,
      "tableplayercount" : 3
   }
}

[14:02] [BSC] GameFrameManager.cpp:344 OnProcessUserGetOnlineRoomMes {
   "MsgId" : 800,
   "MsgSubId" : 802,
   "RoomCount" : 1,
   "room0" : {
      "gameid" : 300001,
      "gamingtype" : 0,
      "lastmoney" : 10,
      "pielement" : 1,
      "roomrevenue" : 1,
      "serverip" : "127.0.0.1",
      "servername" : "æ¬¢ä¹æ–—åœ°ä¸»æ™®é€šåœº",
      "serverport" : 3335,
      "state" : 0,
      "tablecount" : 10,
      "tableplayercount" : 3
   }
}

[14:02] [BSC] GameFrameManager.cpp:344 OnProcessUserGetOnlineRoomMes {
   "MsgId" : 800,
   "MsgSubId" : 802,
   "RoomCount" : 1,
   "room0" : {
      "gameid" : 300001,
      "gamingtype" : 0,
      "lastmoney" : 10,
      "pielement" : 1,
      "roomrevenue" : 1,
      "serverip" : "127.0.0.1",
      "servername" : "æ¬¢ä¹æ–—åœ°ä¸»æ™®é€šåœº",
      "serverport" : 3335,
      "state" : 0,
      "tablecount" : 10,
      "tableplayercount" : 3
   }
}

[14:02] [BSC] GameFrameManager.cpp:344 OnProcessUserGetOnlineRoomMes {
   "MsgId" : 800,
   "MsgSubId" : 802,
   "RoomCount" : 1,
   "room0" : {
      "gameid" : 300001,
      "gamingtype" : 0,
      "lastmoney" : 10,
      "pielement" : 1,
      "roomrevenue" : 1,
      "serverip" : "127.0.0.1",
      "servername" : "æ¬¢ä¹æ–—åœ°ä¸»æ™®é€šåœº",
      "serverport" : 3335,
      "state" : 0,
      "tablecount" : 10,
      "tableplayercount" : 3
   }
}

[14:02] [BSC] GameFrameManager.cpp:344 OnProcessUserGetOnlineRoomMes {
   "MsgId" : 800,
   "MsgSubId" : 802,
   "RoomCount" : 1,
   "room0" : {
      "gameid" : 300001,
      "gamingtype" : 0,
      "lastmoney" : 10,
      "pielement" : 1,
      "roomrevenue" : 1,
      "serverip" : "127.0.0.1",
      "servername" : "æ¬¢ä¹æ–—åœ°ä¸»æ™®é€šåœº",
      "serverport" : 3335,
      "state" : 0,
      "tablecount" : 10,
      "tableplayercount" : 3
   }
}

[14:02] [BSC] GameFrameManager.cpp:344 OnProcessUserGetOnlineRoomMes {
   "MsgId" : 800,
   "MsgSubId" : 802,
   "RoomCount" : 1,
   "room0" : {
      "gameid" : 300001,
      "gamingtype" : 0,
      "lastmoney" : 10,
      "pielement" : 1,
      "roomrevenue" : 1,
      "serverip" : "127.0.0.1",
      "servername" : "æ¬¢ä¹æ–—åœ°ä¸»æ™®é€šåœº",
      "serverport" : 3335,
      "state" : 0,
      "tablecount" : 10,
      "tableplayercount" : 3
   }
}

[14:04] [BSC] GameFrameManager.cpp:344 OnProcessUserGetOnlineRoomMes {
   "MsgId" : 800,
   "MsgSubId" : 802,
   "RoomCount" : 1,
   "room0" : {
      "gameid" : 300001,
      "gamingtype" : 0,
      "lastmoney" : 10,
      "pielement" : 1,
      "roomrevenue" : 1,
      "serverip" : "127.0.0.1",
      "servername" : "æ¬¢ä¹æ–—åœ°ä¸»æ™®é€šåœº",
      "serverport" : 3335,
      "state" : 0,
      "tablecount" : 10,
      "tableplayercount" : 3
   }
}

[14:04] [BSC] GameFrameManager.cpp:344 OnProcessUserGetOnlineRoomMes {
   "MsgId" : 800,
   "MsgSubId" : 802,
   "RoomCount" : 1,
   "room0" : {
      "gameid" : 300001,
      "gamingtype" : 0,
      "lastmoney" : 10,
      "pielement" : 1,
      "roomrevenue" : 1,
      "serverip" : "127.0.0.1",
      "servername" : "æ¬¢ä¹æ–—åœ°ä¸»æ™®é€šåœº",
      "serverport" : 3335,
      "state" : 0,
      "tablecount" : 10,
      "tableplayercount" : 3
   }
}

